c:\users\cristian\c++\projects\directx game engine\directx game engine\release\vc141.pdb
c:\users\cristian\c++\projects\directx game engine\directx game engine\release\source.obj
c:\users\cristian\c++\projects\directx game engine\directx game engine\release\display.obj
c:\users\cristian\c++\projects\directx game engine\directx game engine\release\engine.obj
c:\users\cristian\c++\projects\directx game engine\directx game engine\release\main.obj
c:\users\cristian\c++\projects\directx game engine\directx game engine\release\shaderprogram.obj
c:\users\cristian\c++\projects\directx game engine\directx game engine\release\staticshader.obj
c:\users\cristian\c++\projects\directx game engine\release\directx game engine.ipdb
c:\users\cristian\c++\projects\directx game engine\release\directx game engine.iobj
c:\users\cristian\c++\projects\directx game engine\release\staticpixelshader.cso
c:\users\cristian\c++\projects\directx game engine\release\staticvertexshader.cso
c:\users\cristian\c++\projects\directx game engine\release\directx game engine.exe
c:\users\cristian\c++\projects\directx game engine\release\directx game engine.pdb
c:\users\cristian\c++\projects\directx game engine\directx game engine\release\directx .0c4b16cd.tlog\cl.command.1.tlog
c:\users\cristian\c++\projects\directx game engine\directx game engine\release\directx .0c4b16cd.tlog\cl.read.1.tlog
c:\users\cristian\c++\projects\directx game engine\directx game engine\release\directx .0c4b16cd.tlog\cl.write.1.tlog
c:\users\cristian\c++\projects\directx game engine\directx game engine\release\directx .0c4b16cd.tlog\directx game engine.write.1u.tlog
c:\users\cristian\c++\projects\directx game engine\directx game engine\release\directx .0c4b16cd.tlog\fxc.command.1.tlog
c:\users\cristian\c++\projects\directx game engine\directx game engine\release\directx .0c4b16cd.tlog\fxc.read.1.tlog
c:\users\cristian\c++\projects\directx game engine\directx game engine\release\directx .0c4b16cd.tlog\fxc.write.1.tlog
c:\users\cristian\c++\projects\directx game engine\directx game engine\release\directx .0c4b16cd.tlog\link.command.1.tlog
c:\users\cristian\c++\projects\directx game engine\directx game engine\release\directx .0c4b16cd.tlog\link.read.1.tlog
c:\users\cristian\c++\projects\directx game engine\directx game engine\release\directx .0c4b16cd.tlog\link.write.1.tlog
