  main.cpp
c:\program files (x86)\microsoft directx sdk (june 2010)\include\dxgitype.h(12): warning C4005: 'DXGI_STATUS_OCCLUDED' : redéfinition de macro
  c:\program files (x86)\windows kits\10\include\10.0.17134.0\shared\winerror.h(54723): note: voir la définition précédente de 'DXGI_STATUS_OCCLUDED'
c:\program files (x86)\microsoft directx sdk (june 2010)\include\dxgitype.h(13): warning C4005: 'DXGI_STATUS_CLIPPED' : redéfinition de macro
  c:\program files (x86)\windows kits\10\include\10.0.17134.0\shared\winerror.h(54732): note: voir la définition précédente de 'DXGI_STATUS_CLIPPED'
c:\program files (x86)\microsoft directx sdk (june 2010)\include\dxgitype.h(14): warning C4005: 'DXGI_STATUS_NO_REDIRECTION' : redéfinition de macro
  c:\program files (x86)\windows kits\10\include\10.0.17134.0\shared\winerror.h(54741): note: voir la définition précédente de 'DXGI_STATUS_NO_REDIRECTION'
c:\program files (x86)\microsoft directx sdk (june 2010)\include\dxgitype.h(15): warning C4005: 'DXGI_STATUS_NO_DESKTOP_ACCESS' : redéfinition de macro
  c:\program files (x86)\windows kits\10\include\10.0.17134.0\shared\winerror.h(54750): note: voir la définition précédente de 'DXGI_STATUS_NO_DESKTOP_ACCESS'
c:\program files (x86)\microsoft directx sdk (june 2010)\include\dxgitype.h(16): warning C4005: 'DXGI_STATUS_GRAPHICS_VIDPN_SOURCE_IN_USE' : redéfinition de macro
  c:\program files (x86)\windows kits\10\include\10.0.17134.0\shared\winerror.h(54759): note: voir la définition précédente de 'DXGI_STATUS_GRAPHICS_VIDPN_SOURCE_IN_USE'
c:\program files (x86)\microsoft directx sdk (june 2010)\include\dxgitype.h(17): warning C4005: 'DXGI_STATUS_MODE_CHANGED' : redéfinition de macro
  c:\program files (x86)\windows kits\10\include\10.0.17134.0\shared\winerror.h(54768): note: voir la définition précédente de 'DXGI_STATUS_MODE_CHANGED'
c:\program files (x86)\microsoft directx sdk (june 2010)\include\dxgitype.h(18): warning C4005: 'DXGI_STATUS_MODE_CHANGE_IN_PROGRESS' : redéfinition de macro
  c:\program files (x86)\windows kits\10\include\10.0.17134.0\shared\winerror.h(54777): note: voir la définition précédente de 'DXGI_STATUS_MODE_CHANGE_IN_PROGRESS'
c:\program files (x86)\microsoft directx sdk (june 2010)\include\dxgitype.h(21): warning C4005: 'DXGI_ERROR_INVALID_CALL' : redéfinition de macro
  c:\program files (x86)\windows kits\10\include\10.0.17134.0\shared\winerror.h(54792): note: voir la définition précédente de 'DXGI_ERROR_INVALID_CALL'
c:\program files (x86)\microsoft directx sdk (june 2010)\include\dxgitype.h(22): warning C4005: 'DXGI_ERROR_NOT_FOUND' : redéfinition de macro
  c:\program files (x86)\windows kits\10\include\10.0.17134.0\shared\winerror.h(54801): note: voir la définition précédente de 'DXGI_ERROR_NOT_FOUND'
c:\program files (x86)\microsoft directx sdk (june 2010)\include\dxgitype.h(23): warning C4005: 'DXGI_ERROR_MORE_DATA' : redéfinition de macro
  c:\program files (x86)\windows kits\10\include\10.0.17134.0\shared\winerror.h(54810): note: voir la définition précédente de 'DXGI_ERROR_MORE_DATA'
c:\program files (x86)\microsoft directx sdk (june 2010)\include\dxgitype.h(24): warning C4005: 'DXGI_ERROR_UNSUPPORTED' : redéfinition de macro
  c:\program files (x86)\windows kits\10\include\10.0.17134.0\shared\winerror.h(54819): note: voir la définition précédente de 'DXGI_ERROR_UNSUPPORTED'
c:\program files (x86)\microsoft directx sdk (june 2010)\include\dxgitype.h(25): warning C4005: 'DXGI_ERROR_DEVICE_REMOVED' : redéfinition de macro
  c:\program files (x86)\windows kits\10\include\10.0.17134.0\shared\winerror.h(54828): note: voir la définition précédente de 'DXGI_ERROR_DEVICE_REMOVED'
c:\program files (x86)\microsoft directx sdk (june 2010)\include\dxgitype.h(26): warning C4005: 'DXGI_ERROR_DEVICE_HUNG' : redéfinition de macro
  c:\program files (x86)\windows kits\10\include\10.0.17134.0\shared\winerror.h(54837): note: voir la définition précédente de 'DXGI_ERROR_DEVICE_HUNG'
c:\program files (x86)\microsoft directx sdk (june 2010)\include\dxgitype.h(27): warning C4005: 'DXGI_ERROR_DEVICE_RESET' : redéfinition de macro
  c:\program files (x86)\windows kits\10\include\10.0.17134.0\shared\winerror.h(54847): note: voir la définition précédente de 'DXGI_ERROR_DEVICE_RESET'
c:\program files (x86)\microsoft directx sdk (june 2010)\include\dxgitype.h(28): warning C4005: 'DXGI_ERROR_WAS_STILL_DRAWING' : redéfinition de macro
  c:\program files (x86)\windows kits\10\include\10.0.17134.0\shared\winerror.h(54856): note: voir la définition précédente de 'DXGI_ERROR_WAS_STILL_DRAWING'
c:\program files (x86)\microsoft directx sdk (june 2010)\include\dxgitype.h(29): warning C4005: 'DXGI_ERROR_FRAME_STATISTICS_DISJOINT' : redéfinition de macro
  c:\program files (x86)\windows kits\10\include\10.0.17134.0\shared\winerror.h(54866): note: voir la définition précédente de 'DXGI_ERROR_FRAME_STATISTICS_DISJOINT'
c:\program files (x86)\microsoft directx sdk (june 2010)\include\dxgitype.h(30): warning C4005: 'DXGI_ERROR_GRAPHICS_VIDPN_SOURCE_IN_USE' : redéfinition de macro
  c:\program files (x86)\windows kits\10\include\10.0.17134.0\shared\winerror.h(54875): note: voir la définition précédente de 'DXGI_ERROR_GRAPHICS_VIDPN_SOURCE_IN_USE'
c:\program files (x86)\microsoft directx sdk (june 2010)\include\dxgitype.h(31): warning C4005: 'DXGI_ERROR_DRIVER_INTERNAL_ERROR' : redéfinition de macro
  c:\program files (x86)\windows kits\10\include\10.0.17134.0\shared\winerror.h(54885): note: voir la définition précédente de 'DXGI_ERROR_DRIVER_INTERNAL_ERROR'
c:\program files (x86)\microsoft directx sdk (june 2010)\include\dxgitype.h(32): warning C4005: 'DXGI_ERROR_NONEXCLUSIVE' : redéfinition de macro
  c:\program files (x86)\windows kits\10\include\10.0.17134.0\shared\winerror.h(54894): note: voir la définition précédente de 'DXGI_ERROR_NONEXCLUSIVE'
c:\program files (x86)\microsoft directx sdk (june 2010)\include\dxgitype.h(33): warning C4005: 'DXGI_ERROR_NOT_CURRENTLY_AVAILABLE' : redéfinition de macro
  c:\program files (x86)\windows kits\10\include\10.0.17134.0\shared\winerror.h(54903): note: voir la définition précédente de 'DXGI_ERROR_NOT_CURRENTLY_AVAILABLE'
c:\program files (x86)\microsoft directx sdk (june 2010)\include\dxgitype.h(34): warning C4005: 'DXGI_ERROR_REMOTE_CLIENT_DISCONNECTED' : redéfinition de macro
  c:\program files (x86)\windows kits\10\include\10.0.17134.0\shared\winerror.h(54913): note: voir la définition précédente de 'DXGI_ERROR_REMOTE_CLIENT_DISCONNECTED'
c:\program files (x86)\microsoft directx sdk (june 2010)\include\dxgitype.h(35): warning C4005: 'DXGI_ERROR_REMOTE_OUTOFMEMORY' : redéfinition de macro
  c:\program files (x86)\windows kits\10\include\10.0.17134.0\shared\winerror.h(54922): note: voir la définition précédente de 'DXGI_ERROR_REMOTE_OUTOFMEMORY'
c:\program files (x86)\microsoft directx sdk (june 2010)\include\d3d11.h(917): warning C4005: 'D3D11_ERROR_TOO_MANY_UNIQUE_STATE_OBJECTS' : redéfinition de macro
  c:\program files (x86)\windows kits\10\include\10.0.17134.0\shared\winerror.h(55186): note: voir la définition précédente de 'D3D11_ERROR_TOO_MANY_UNIQUE_STATE_OBJECTS'
c:\program files (x86)\microsoft directx sdk (june 2010)\include\d3d11.h(918): warning C4005: 'D3D11_ERROR_FILE_NOT_FOUND' : redéfinition de macro
  c:\program files (x86)\windows kits\10\include\10.0.17134.0\shared\winerror.h(55195): note: voir la définition précédente de 'D3D11_ERROR_FILE_NOT_FOUND'
c:\program files (x86)\microsoft directx sdk (june 2010)\include\d3d11.h(919): warning C4005: 'D3D11_ERROR_TOO_MANY_UNIQUE_VIEW_OBJECTS' : redéfinition de macro
  c:\program files (x86)\windows kits\10\include\10.0.17134.0\shared\winerror.h(55205): note: voir la définition précédente de 'D3D11_ERROR_TOO_MANY_UNIQUE_VIEW_OBJECTS'
c:\program files (x86)\microsoft directx sdk (june 2010)\include\d3d11.h(920): warning C4005: 'D3D11_ERROR_DEFERRED_CONTEXT_MAP_WITHOUT_INITIAL_DISCARD' : redéfinition de macro
  c:\program files (x86)\windows kits\10\include\10.0.17134.0\shared\winerror.h(55214): note: voir la définition précédente de 'D3D11_ERROR_DEFERRED_CONTEXT_MAP_WITHOUT_INITIAL_DISCARD'
c:\program files (x86)\microsoft directx sdk (june 2010)\include\d3d10.h(608): warning C4005: 'D3D10_ERROR_TOO_MANY_UNIQUE_STATE_OBJECTS' : redéfinition de macro
  c:\program files (x86)\windows kits\10\include\10.0.17134.0\shared\winerror.h(55162): note: voir la définition précédente de 'D3D10_ERROR_TOO_MANY_UNIQUE_STATE_OBJECTS'
c:\program files (x86)\microsoft directx sdk (june 2010)\include\d3d10.h(609): warning C4005: 'D3D10_ERROR_FILE_NOT_FOUND' : redéfinition de macro
  c:\program files (x86)\windows kits\10\include\10.0.17134.0\shared\winerror.h(55171): note: voir la définition précédente de 'D3D10_ERROR_FILE_NOT_FOUND'
  c:\program files (x86)\microsoft directx sdk (june 2010)\include\dinput.h: DIRECTINPUT_VERSION undefined. Defaulting to version 0x0800
c:\users\milatinovc\documents\github\directx-game-engine\directx game engine\input.h(7): warning C4005: 'VK_SHIFT' : redéfinition de macro
  c:\program files (x86)\windows kits\10\include\10.0.17134.0\um\winuser.h(468): note: voir la définition précédente de 'VK_SHIFT'
c:\users\milatinovc\documents\github\directx-game-engine\directx game engine\main.cpp(134): warning C4244: 'initialisation' : conversion de '__int64' en 'double', perte possible de données
c:\users\milatinovc\documents\github\directx-game-engine\directx game engine\main.cpp(188): warning C4244: '=' : conversion de 'int' en 'FLOAT', perte possible de données
c:\users\milatinovc\documents\github\directx-game-engine\directx game engine\main.cpp(189): warning C4244: '=' : conversion de 'int' en 'FLOAT', perte possible de données
c:\users\milatinovc\documents\github\directx-game-engine\directx game engine\main.cpp(361): warning C4838: la conversion de 'int' en 'SHORT' requiert une conversion restrictive
  Génération de code en cours
  1 of 219 functions ( 0.5%) were compiled, the rest were copied from previous compilation.
    0 functions were new in current compilation
    0 functions had inline decision re-evaluated but remain unchanged
  Fin de la génération du code
GLMath.lib(GLMatrix.obj) : warning LNK4099: PDB 'GLMath.pdb' n'a pu être trouvé avec 'GLMath.lib(GLMatrix.obj)' ou sur 'C:\Users\milatinovc\Documents\Github\DirectX-Game-Engine\Release\GLMath.pdb' ; l'objet sera lié sans informations de débogage
GLMath.lib(GLVector.obj) : warning LNK4099: PDB 'GLMath.pdb' n'a pu être trouvé avec 'GLMath.lib(GLVector.obj)' ou sur 'C:\Users\milatinovc\Documents\Github\DirectX-Game-Engine\Release\GLMath.pdb' ; l'objet sera lié sans informations de débogage
GLMath.lib(GLMath.obj) : warning LNK4099: PDB 'GLMath.pdb' n'a pu être trouvé avec 'GLMath.lib(GLMath.obj)' ou sur 'C:\Users\milatinovc\Documents\Github\DirectX-Game-Engine\Release\GLMath.pdb' ; l'objet sera lié sans informations de débogage
  DirectX Game Engine.vcxproj -> C:\Users\milatinovc\Documents\Github\DirectX-Game-Engine\Release\DirectX Game Engine.exe
